2023-06-19 12:16:06.891  INFO 19372 --- [main] .n.J.JiraCreationThruFunctionApplication : Starting JiraCreationThruFunctionApplication on APAC-f13X7wbZ6v with PID 19372 (C:\Users\nsarav756\Documents\Tech\Java\JiraCreationThruFunction\target\classes started by nsarav756 in C:\Users\nsarav756\Documents\Tech\Java\JiraCreationThruFunction)
2023-06-19 12:16:06.907  INFO 19372 --- [main] .n.J.JiraCreationThruFunctionApplication : No active profile set, falling back to default profiles: default
2023-06-19 12:16:07.910  INFO 19372 --- [main] .s.d.r.c.RepositoryConfigurationDelegate : Bootstrapping Spring Data JPA repositories in DEFAULT mode.
2023-06-19 12:16:08.200  INFO 19372 --- [main] .s.d.r.c.RepositoryConfigurationDelegate : Finished Spring Data repository scanning in 264ms. Found 1 JPA repository interfaces.
2023-06-19 12:16:09.540  INFO 19372 --- [main] o.s.b.w.embedded.tomcat.TomcatWebServer  : Tomcat initialized with port(s): 8333 (http)
2023-06-19 12:16:09.572  INFO 19372 --- [main] o.apache.catalina.core.StandardService   : Starting service [Tomcat]
2023-06-19 12:16:09.572  INFO 19372 --- [main] org.apache.catalina.core.StandardEngine  : Starting Servlet engine: [Apache Tomcat/9.0.33]
2023-06-19 12:16:09.845  INFO 19372 --- [main] o.a.c.c.C.[Tomcat].[localhost].[/]       : Initializing Spring embedded WebApplicationContext
2023-06-19 12:16:09.846  INFO 19372 --- [main] o.s.web.context.ContextLoader            : Root WebApplicationContext: initialization completed in 2876 ms
2023-06-19 12:16:10.120  INFO 19372 --- [main] o.hibernate.jpa.internal.util.LogHelper  : HHH000204: Processing PersistenceUnitInfo [name: default]
2023-06-19 12:16:10.253  INFO 19372 --- [main] org.hibernate.Version                    : HHH000412: Hibernate ORM core version 5.4.12.Final
2023-06-19 12:16:10.490  INFO 19372 --- [main] o.hibernate.annotations.common.Version   : HCANN000001: Hibernate Commons Annotations {5.1.0.Final}
2023-06-19 12:16:10.700  INFO 19372 --- [main] com.zaxxer.hikari.HikariDataSource       : HikariPool-1 - Starting...
2023-06-19 12:16:11.062  INFO 19372 --- [main] com.zaxxer.hikari.HikariDataSource       : HikariPool-1 - Start completed.
2023-06-19 12:16:11.100  INFO 19372 --- [main] org.hibernate.dialect.Dialect            : HHH000400: Using dialect: org.hibernate.dialect.PostgreSQL10Dialect
2023-06-19 12:16:11.949  INFO 19372 --- [main] o.h.e.t.j.p.i.JtaPlatformInitiator       : HHH000490: Using JtaPlatform implementation: [org.hibernate.engine.transaction.jta.platform.internal.NoJtaPlatform]
2023-06-19 12:16:11.959  INFO 19372 --- [main] j.LocalContainerEntityManagerFactoryBean : Initialized JPA EntityManagerFactory for persistence unit 'default'
2023-06-19 12:16:12.359  WARN 19372 --- [main] JpaBaseConfiguration$JpaWebConfiguration : spring.jpa.open-in-view is enabled by default. Therefore, database queries may be performed during view rendering. Explicitly configure spring.jpa.open-in-view to disable this warning
2023-06-19 12:16:12.429  INFO 19372 --- [main] o.s.s.concurrent.ThreadPoolTaskExecutor  : Initializing ExecutorService 'applicationTaskExecutor'
2023-06-19 12:16:12.621  INFO 19372 --- [main] o.s.s.c.ThreadPoolTaskScheduler          : Initializing ExecutorService 'taskScheduler'
2023-06-19 12:16:12.874  INFO 19372 --- [main] o.s.b.w.embedded.tomcat.TomcatWebServer  : Tomcat started on port(s): 8333 (http) with context path ''
2023-06-19 12:16:12.877  INFO 19372 --- [main] .n.J.JiraCreationThruFunctionApplication : Started JiraCreationThruFunctionApplication in 6.773 seconds (JVM running for 7.464)
2023-06-19 12:16:23.633  INFO 19372 --- [http-nio-8333-exec-2] o.a.c.c.C.[Tomcat].[localhost].[/]       : Initializing Spring DispatcherServlet 'dispatcherServlet'
2023-06-19 12:16:23.633  INFO 19372 --- [http-nio-8333-exec-2] o.s.web.servlet.DispatcherServlet        : Initializing Servlet 'dispatcherServlet'
2023-06-19 12:16:23.647  INFO 19372 --- [http-nio-8333-exec-2] o.s.web.servlet.DispatcherServlet        : Completed initialization in 13 ms
2023-06-19 12:16:23.714  INFO 19372 --- [http-nio-8333-exec-2] c.j.n.J.controller.IncidentController    : Inside  incident controller for jira creation
2023-06-19 12:17:51.912  INFO 23640 --- [main] .n.J.JiraCreationThruFunctionApplication : Starting JiraCreationThruFunctionApplication on APAC-f13X7wbZ6v with PID 23640 (C:\Users\nsarav756\Documents\Tech\Java\JiraCreationThruFunction\target\classes started by nsarav756 in C:\Users\nsarav756\Documents\Tech\Java\JiraCreationThruFunction)
2023-06-19 12:17:51.916  INFO 23640 --- [main] .n.J.JiraCreationThruFunctionApplication : No active profile set, falling back to default profiles: default
2023-06-19 12:17:52.751  INFO 23640 --- [main] .s.d.r.c.RepositoryConfigurationDelegate : Bootstrapping Spring Data JPA repositories in DEFAULT mode.
2023-06-19 12:17:52.882  INFO 23640 --- [main] .s.d.r.c.RepositoryConfigurationDelegate : Finished Spring Data repository scanning in 116ms. Found 1 JPA repository interfaces.
2023-06-19 12:17:53.665  INFO 23640 --- [main] o.s.b.w.embedded.tomcat.TomcatWebServer  : Tomcat initialized with port(s): 8333 (http)
2023-06-19 12:17:53.682  INFO 23640 --- [main] o.apache.catalina.core.StandardService   : Starting service [Tomcat]
2023-06-19 12:17:53.683  INFO 23640 --- [main] org.apache.catalina.core.StandardEngine  : Starting Servlet engine: [Apache Tomcat/9.0.33]
2023-06-19 12:17:53.814  INFO 23640 --- [main] o.a.c.c.C.[Tomcat].[localhost].[/]       : Initializing Spring embedded WebApplicationContext
2023-06-19 12:17:53.815  INFO 23640 --- [main] o.s.web.context.ContextLoader            : Root WebApplicationContext: initialization completed in 1835 ms
2023-06-19 12:17:54.021  INFO 23640 --- [main] o.hibernate.jpa.internal.util.LogHelper  : HHH000204: Processing PersistenceUnitInfo [name: default]
2023-06-19 12:17:54.079  INFO 23640 --- [main] org.hibernate.Version                    : HHH000412: Hibernate ORM core version 5.4.12.Final
2023-06-19 12:17:54.181  INFO 23640 --- [main] o.hibernate.annotations.common.Version   : HCANN000001: Hibernate Commons Annotations {5.1.0.Final}
2023-06-19 12:17:54.347  INFO 23640 --- [main] com.zaxxer.hikari.HikariDataSource       : HikariPool-1 - Starting...
2023-06-19 12:17:54.562  INFO 23640 --- [main] com.zaxxer.hikari.HikariDataSource       : HikariPool-1 - Start completed.
2023-06-19 12:17:54.596  INFO 23640 --- [main] org.hibernate.dialect.Dialect            : HHH000400: Using dialect: org.hibernate.dialect.PostgreSQL10Dialect
2023-06-19 12:17:55.354  INFO 23640 --- [main] o.h.e.t.j.p.i.JtaPlatformInitiator       : HHH000490: Using JtaPlatform implementation: [org.hibernate.engine.transaction.jta.platform.internal.NoJtaPlatform]
2023-06-19 12:17:55.359  INFO 23640 --- [main] j.LocalContainerEntityManagerFactoryBean : Initialized JPA EntityManagerFactory for persistence unit 'default'
2023-06-19 12:17:55.995  WARN 23640 --- [main] JpaBaseConfiguration$JpaWebConfiguration : spring.jpa.open-in-view is enabled by default. Therefore, database queries may be performed during view rendering. Explicitly configure spring.jpa.open-in-view to disable this warning
2023-06-19 12:17:56.124  INFO 23640 --- [main] o.s.s.concurrent.ThreadPoolTaskExecutor  : Initializing ExecutorService 'applicationTaskExecutor'
2023-06-19 12:17:56.460  INFO 23640 --- [main] o.s.s.c.ThreadPoolTaskScheduler          : Initializing ExecutorService 'taskScheduler'
2023-06-19 12:17:56.782  INFO 23640 --- [main] o.s.b.w.embedded.tomcat.TomcatWebServer  : Tomcat started on port(s): 8333 (http) with context path ''
2023-06-19 12:17:56.785  INFO 23640 --- [main] .n.J.JiraCreationThruFunctionApplication : Started JiraCreationThruFunctionApplication in 5.638 seconds (JVM running for 6.221)
2023-06-19 12:17:59.876  INFO 23640 --- [http-nio-8333-exec-1] o.a.c.c.C.[Tomcat].[localhost].[/]       : Initializing Spring DispatcherServlet 'dispatcherServlet'
2023-06-19 12:17:59.877  INFO 23640 --- [http-nio-8333-exec-1] o.s.web.servlet.DispatcherServlet        : Initializing Servlet 'dispatcherServlet'
2023-06-19 12:17:59.889  INFO 23640 --- [http-nio-8333-exec-1] o.s.web.servlet.DispatcherServlet        : Completed initialization in 12 ms
2023-06-19 12:18:00.052  INFO 23640 --- [http-nio-8333-exec-1] c.j.n.J.controller.IncidentController    : Inside  incident controller for jira creation
2023-06-19 12:19:58.240  INFO 23640 --- [http-nio-8333-exec-5] c.j.n.J.controller.IncidentController    : Inside  incident controller for jira creation
2023-06-19 12:20:55.182  INFO 28328 --- [main] .n.J.JiraCreationThruFunctionApplication : Starting JiraCreationThruFunctionApplication on APAC-f13X7wbZ6v with PID 28328 (C:\Users\nsarav756\Documents\Tech\Java\JiraCreationThruFunction\target\classes started by nsarav756 in C:\Users\nsarav756\Documents\Tech\Java\JiraCreationThruFunction)
2023-06-19 12:20:55.187  INFO 28328 --- [main] .n.J.JiraCreationThruFunctionApplication : No active profile set, falling back to default profiles: default
2023-06-19 12:20:56.084  INFO 28328 --- [main] .s.d.r.c.RepositoryConfigurationDelegate : Bootstrapping Spring Data JPA repositories in DEFAULT mode.
2023-06-19 12:20:56.240  INFO 28328 --- [main] .s.d.r.c.RepositoryConfigurationDelegate : Finished Spring Data repository scanning in 136ms. Found 1 JPA repository interfaces.
2023-06-19 12:20:57.270  INFO 28328 --- [main] o.s.b.w.embedded.tomcat.TomcatWebServer  : Tomcat initialized with port(s): 8333 (http)
2023-06-19 12:20:57.290  INFO 28328 --- [main] o.apache.catalina.core.StandardService   : Starting service [Tomcat]
2023-06-19 12:20:57.291  INFO 28328 --- [main] org.apache.catalina.core.StandardEngine  : Starting Servlet engine: [Apache Tomcat/9.0.33]
2023-06-19 12:20:57.439  INFO 28328 --- [main] o.a.c.c.C.[Tomcat].[localhost].[/]       : Initializing Spring embedded WebApplicationContext
2023-06-19 12:20:57.439  INFO 28328 --- [main] o.s.web.context.ContextLoader            : Root WebApplicationContext: initialization completed in 2186 ms
2023-06-19 12:20:57.683  INFO 28328 --- [main] o.hibernate.jpa.internal.util.LogHelper  : HHH000204: Processing PersistenceUnitInfo [name: default]
2023-06-19 12:20:57.775  INFO 28328 --- [main] org.hibernate.Version                    : HHH000412: Hibernate ORM core version 5.4.12.Final
2023-06-19 12:20:57.891  INFO 28328 --- [main] o.hibernate.annotations.common.Version   : HCANN000001: Hibernate Commons Annotations {5.1.0.Final}
2023-06-19 12:20:58.012  INFO 28328 --- [main] com.zaxxer.hikari.HikariDataSource       : HikariPool-1 - Starting...
2023-06-19 12:20:58.254  INFO 28328 --- [main] com.zaxxer.hikari.HikariDataSource       : HikariPool-1 - Start completed.
2023-06-19 12:20:58.297  INFO 28328 --- [main] org.hibernate.dialect.Dialect            : HHH000400: Using dialect: org.hibernate.dialect.PostgreSQL10Dialect
2023-06-19 12:20:59.042  INFO 28328 --- [main] o.h.e.t.j.p.i.JtaPlatformInitiator       : HHH000490: Using JtaPlatform implementation: [org.hibernate.engine.transaction.jta.platform.internal.NoJtaPlatform]
2023-06-19 12:20:59.059  INFO 28328 --- [main] j.LocalContainerEntityManagerFactoryBean : Initialized JPA EntityManagerFactory for persistence unit 'default'
2023-06-19 12:20:59.697  WARN 28328 --- [main] JpaBaseConfiguration$JpaWebConfiguration : spring.jpa.open-in-view is enabled by default. Therefore, database queries may be performed during view rendering. Explicitly configure spring.jpa.open-in-view to disable this warning
2023-06-19 12:20:59.831  INFO 28328 --- [main] o.s.s.concurrent.ThreadPoolTaskExecutor  : Initializing ExecutorService 'applicationTaskExecutor'
2023-06-19 12:21:00.107  INFO 28328 --- [main] o.s.s.c.ThreadPoolTaskScheduler          : Initializing ExecutorService 'taskScheduler'
2023-06-19 12:21:00.354  INFO 28328 --- [main] o.s.b.w.embedded.tomcat.TomcatWebServer  : Tomcat started on port(s): 8333 (http) with context path ''
2023-06-19 12:21:00.357  INFO 28328 --- [main] .n.J.JiraCreationThruFunctionApplication : Started JiraCreationThruFunctionApplication in 5.906 seconds (JVM running for 6.467)
2023-06-19 12:21:04.125  INFO 28328 --- [http-nio-8333-exec-1] o.a.c.c.C.[Tomcat].[localhost].[/]       : Initializing Spring DispatcherServlet 'dispatcherServlet'
2023-06-19 12:21:04.126  INFO 28328 --- [http-nio-8333-exec-1] o.s.web.servlet.DispatcherServlet        : Initializing Servlet 'dispatcherServlet'
2023-06-19 12:21:04.139  INFO 28328 --- [http-nio-8333-exec-1] o.s.web.servlet.DispatcherServlet        : Completed initialization in 12 ms
2023-06-19 12:21:04.241  INFO 28328 --- [http-nio-8333-exec-1] c.j.n.J.controller.IncidentController    : Inside  incident controller for jira creation
2023-06-19 12:22:38.530  INFO 15736 --- [main] .n.J.JiraCreationThruFunctionApplication : Starting JiraCreationThruFunctionApplication on APAC-f13X7wbZ6v with PID 15736 (C:\Users\nsarav756\Documents\Tech\Java\JiraCreationThruFunction\target\classes started by nsarav756 in C:\Users\nsarav756\Documents\Tech\Java\JiraCreationThruFunction)
2023-06-19 12:22:38.533  INFO 15736 --- [main] .n.J.JiraCreationThruFunctionApplication : No active profile set, falling back to default profiles: default
2023-06-19 12:22:39.469  INFO 15736 --- [main] .s.d.r.c.RepositoryConfigurationDelegate : Bootstrapping Spring Data JPA repositories in DEFAULT mode.
2023-06-19 12:22:39.589  INFO 15736 --- [main] .s.d.r.c.RepositoryConfigurationDelegate : Finished Spring Data repository scanning in 106ms. Found 1 JPA repository interfaces.
2023-06-19 12:22:40.501  INFO 15736 --- [main] o.s.b.w.embedded.tomcat.TomcatWebServer  : Tomcat initialized with port(s): 8333 (http)
2023-06-19 12:22:40.510  INFO 15736 --- [main] o.apache.catalina.core.StandardService   : Starting service [Tomcat]
2023-06-19 12:22:40.511  INFO 15736 --- [main] org.apache.catalina.core.StandardEngine  : Starting Servlet engine: [Apache Tomcat/9.0.33]
2023-06-19 12:22:40.646  INFO 15736 --- [main] o.a.c.c.C.[Tomcat].[localhost].[/]       : Initializing Spring embedded WebApplicationContext
2023-06-19 12:22:40.646  INFO 15736 --- [main] o.s.web.context.ContextLoader            : Root WebApplicationContext: initialization completed in 2017 ms
2023-06-19 12:22:40.950  INFO 15736 --- [main] o.hibernate.jpa.internal.util.LogHelper  : HHH000204: Processing PersistenceUnitInfo [name: default]
2023-06-19 12:22:41.040  INFO 15736 --- [main] org.hibernate.Version                    : HHH000412: Hibernate ORM core version 5.4.12.Final
2023-06-19 12:22:41.196  INFO 15736 --- [main] o.hibernate.annotations.common.Version   : HCANN000001: Hibernate Commons Annotations {5.1.0.Final}
2023-06-19 12:22:41.403  INFO 15736 --- [main] com.zaxxer.hikari.HikariDataSource       : HikariPool-1 - Starting...
2023-06-19 12:22:41.642  INFO 15736 --- [main] com.zaxxer.hikari.HikariDataSource       : HikariPool-1 - Start completed.
2023-06-19 12:22:41.654  INFO 15736 --- [main] org.hibernate.dialect.Dialect            : HHH000400: Using dialect: org.hibernate.dialect.PostgreSQL10Dialect
2023-06-19 12:22:42.416  INFO 15736 --- [main] o.h.e.t.j.p.i.JtaPlatformInitiator       : HHH000490: Using JtaPlatform implementation: [org.hibernate.engine.transaction.jta.platform.internal.NoJtaPlatform]
2023-06-19 12:22:42.425  INFO 15736 --- [main] j.LocalContainerEntityManagerFactoryBean : Initialized JPA EntityManagerFactory for persistence unit 'default'
2023-06-19 12:22:42.994  WARN 15736 --- [main] JpaBaseConfiguration$JpaWebConfiguration : spring.jpa.open-in-view is enabled by default. Therefore, database queries may be performed during view rendering. Explicitly configure spring.jpa.open-in-view to disable this warning
2023-06-19 12:22:43.090  INFO 15736 --- [main] o.s.s.concurrent.ThreadPoolTaskExecutor  : Initializing ExecutorService 'applicationTaskExecutor'
2023-06-19 12:22:43.371  INFO 15736 --- [main] o.s.s.c.ThreadPoolTaskScheduler          : Initializing ExecutorService 'taskScheduler'
2023-06-19 12:22:43.603  INFO 15736 --- [main] o.s.b.w.embedded.tomcat.TomcatWebServer  : Tomcat started on port(s): 8333 (http) with context path ''
2023-06-19 12:22:43.607  INFO 15736 --- [main] .n.J.JiraCreationThruFunctionApplication : Started JiraCreationThruFunctionApplication in 5.806 seconds (JVM running for 6.411)
2023-06-19 12:22:50.559  INFO 15736 --- [http-nio-8333-exec-1] o.a.c.c.C.[Tomcat].[localhost].[/]       : Initializing Spring DispatcherServlet 'dispatcherServlet'
2023-06-19 12:22:50.560  INFO 15736 --- [http-nio-8333-exec-1] o.s.web.servlet.DispatcherServlet        : Initializing Servlet 'dispatcherServlet'
2023-06-19 12:22:50.574  INFO 15736 --- [http-nio-8333-exec-1] o.s.web.servlet.DispatcherServlet        : Completed initialization in 14 ms
2023-06-19 12:22:50.711  INFO 15736 --- [http-nio-8333-exec-1] c.j.n.J.controller.IncidentController    : Inside  incident controller for jira creation
2023-06-19 12:24:57.106  INFO 26572 --- [main] .n.J.JiraCreationThruFunctionApplication : Starting JiraCreationThruFunctionApplication on APAC-f13X7wbZ6v with PID 26572 (C:\Users\nsarav756\Documents\Tech\Java\JiraCreationThruFunction\target\classes started by nsarav756 in C:\Users\nsarav756\Documents\Tech\Java\JiraCreationThruFunction)
2023-06-19 12:24:57.113  INFO 26572 --- [main] .n.J.JiraCreationThruFunctionApplication : No active profile set, falling back to default profiles: default
2023-06-19 12:24:58.014  INFO 26572 --- [main] .s.d.r.c.RepositoryConfigurationDelegate : Bootstrapping Spring Data JPA repositories in DEFAULT mode.
2023-06-19 12:24:58.154  INFO 26572 --- [main] .s.d.r.c.RepositoryConfigurationDelegate : Finished Spring Data repository scanning in 119ms. Found 1 JPA repository interfaces.
2023-06-19 12:24:59.352  INFO 26572 --- [main] o.s.b.w.embedded.tomcat.TomcatWebServer  : Tomcat initialized with port(s): 8333 (http)
2023-06-19 12:24:59.364  INFO 26572 --- [main] o.apache.catalina.core.StandardService   : Starting service [Tomcat]
2023-06-19 12:24:59.364  INFO 26572 --- [main] org.apache.catalina.core.StandardEngine  : Starting Servlet engine: [Apache Tomcat/9.0.33]
2023-06-19 12:24:59.491  INFO 26572 --- [main] o.a.c.c.C.[Tomcat].[localhost].[/]       : Initializing Spring embedded WebApplicationContext
2023-06-19 12:24:59.491  INFO 26572 --- [main] o.s.web.context.ContextLoader            : Root WebApplicationContext: initialization completed in 2298 ms
2023-06-19 12:24:59.885  INFO 26572 --- [main] o.hibernate.jpa.internal.util.LogHelper  : HHH000204: Processing PersistenceUnitInfo [name: default]
2023-06-19 12:24:59.976  INFO 26572 --- [main] org.hibernate.Version                    : HHH000412: Hibernate ORM core version 5.4.12.Final
2023-06-19 12:25:00.159  INFO 26572 --- [main] o.hibernate.annotations.common.Version   : HCANN000001: Hibernate Commons Annotations {5.1.0.Final}
2023-06-19 12:25:00.329  INFO 26572 --- [main] com.zaxxer.hikari.HikariDataSource       : HikariPool-1 - Starting...
2023-06-19 12:25:00.575  INFO 26572 --- [main] com.zaxxer.hikari.HikariDataSource       : HikariPool-1 - Start completed.
2023-06-19 12:25:00.588  INFO 26572 --- [main] org.hibernate.dialect.Dialect            : HHH000400: Using dialect: org.hibernate.dialect.PostgreSQL10Dialect
2023-06-19 12:25:01.396  INFO 26572 --- [main] o.h.e.t.j.p.i.JtaPlatformInitiator       : HHH000490: Using JtaPlatform implementation: [org.hibernate.engine.transaction.jta.platform.internal.NoJtaPlatform]
2023-06-19 12:25:01.400  INFO 26572 --- [main] j.LocalContainerEntityManagerFactoryBean : Initialized JPA EntityManagerFactory for persistence unit 'default'
2023-06-19 12:25:02.172  WARN 26572 --- [main] JpaBaseConfiguration$JpaWebConfiguration : spring.jpa.open-in-view is enabled by default. Therefore, database queries may be performed during view rendering. Explicitly configure spring.jpa.open-in-view to disable this warning
2023-06-19 12:25:02.307  INFO 26572 --- [main] o.s.s.concurrent.ThreadPoolTaskExecutor  : Initializing ExecutorService 'applicationTaskExecutor'
2023-06-19 12:25:02.641  INFO 26572 --- [main] o.s.s.c.ThreadPoolTaskScheduler          : Initializing ExecutorService 'taskScheduler'
2023-06-19 12:25:02.920  INFO 26572 --- [main] o.s.b.w.embedded.tomcat.TomcatWebServer  : Tomcat started on port(s): 8333 (http) with context path ''
2023-06-19 12:25:02.925  INFO 26572 --- [main] .n.J.JiraCreationThruFunctionApplication : Started JiraCreationThruFunctionApplication in 6.567 seconds (JVM running for 7.12)
2023-06-19 12:25:05.834  INFO 26572 --- [http-nio-8333-exec-1] o.a.c.c.C.[Tomcat].[localhost].[/]       : Initializing Spring DispatcherServlet 'dispatcherServlet'
2023-06-19 12:25:05.835  INFO 26572 --- [http-nio-8333-exec-1] o.s.web.servlet.DispatcherServlet        : Initializing Servlet 'dispatcherServlet'
2023-06-19 12:25:05.848  INFO 26572 --- [http-nio-8333-exec-1] o.s.web.servlet.DispatcherServlet        : Completed initialization in 13 ms
2023-06-19 12:25:05.991  INFO 26572 --- [http-nio-8333-exec-1] c.j.n.J.controller.IncidentController    : Inside  incident controller for jira creation
2023-06-19 12:27:20.816  INFO 17948 --- [main] .n.J.JiraCreationThruFunctionApplication : Starting JiraCreationThruFunctionApplication on APAC-f13X7wbZ6v with PID 17948 (C:\Users\nsarav756\Documents\Tech\Java\JiraCreationThruFunction\target\classes started by nsarav756 in C:\Users\nsarav756\Documents\Tech\Java\JiraCreationThruFunction)
2023-06-19 12:27:20.819  INFO 17948 --- [main] .n.J.JiraCreationThruFunctionApplication : No active profile set, falling back to default profiles: default
2023-06-19 12:27:21.735  INFO 17948 --- [main] .s.d.r.c.RepositoryConfigurationDelegate : Bootstrapping Spring Data JPA repositories in DEFAULT mode.
2023-06-19 12:27:21.872  INFO 17948 --- [main] .s.d.r.c.RepositoryConfigurationDelegate : Finished Spring Data repository scanning in 116ms. Found 1 JPA repository interfaces.
2023-06-19 12:27:22.997  INFO 17948 --- [main] o.s.b.w.embedded.tomcat.TomcatWebServer  : Tomcat initialized with port(s): 8333 (http)
2023-06-19 12:27:23.010  INFO 17948 --- [main] o.apache.catalina.core.StandardService   : Starting service [Tomcat]
2023-06-19 12:27:23.010  INFO 17948 --- [main] org.apache.catalina.core.StandardEngine  : Starting Servlet engine: [Apache Tomcat/9.0.33]
2023-06-19 12:27:23.216  INFO 17948 --- [main] o.a.c.c.C.[Tomcat].[localhost].[/]       : Initializing Spring embedded WebApplicationContext
2023-06-19 12:27:23.218  INFO 17948 --- [main] o.s.web.context.ContextLoader            : Root WebApplicationContext: initialization completed in 2320 ms
2023-06-19 12:27:23.404  INFO 17948 --- [main] o.hibernate.jpa.internal.util.LogHelper  : HHH000204: Processing PersistenceUnitInfo [name: default]
2023-06-19 12:27:23.485  INFO 17948 --- [main] org.hibernate.Version                    : HHH000412: Hibernate ORM core version 5.4.12.Final
2023-06-19 12:27:23.612  INFO 17948 --- [main] o.hibernate.annotations.common.Version   : HCANN000001: Hibernate Commons Annotations {5.1.0.Final}
2023-06-19 12:27:23.726  INFO 17948 --- [main] com.zaxxer.hikari.HikariDataSource       : HikariPool-1 - Starting...
2023-06-19 12:27:23.972  INFO 17948 --- [main] com.zaxxer.hikari.HikariDataSource       : HikariPool-1 - Start completed.
2023-06-19 12:27:23.999  INFO 17948 --- [main] org.hibernate.dialect.Dialect            : HHH000400: Using dialect: org.hibernate.dialect.PostgreSQL10Dialect
2023-06-19 12:27:24.733  INFO 17948 --- [main] o.h.e.t.j.p.i.JtaPlatformInitiator       : HHH000490: Using JtaPlatform implementation: [org.hibernate.engine.transaction.jta.platform.internal.NoJtaPlatform]
2023-06-19 12:27:24.740  INFO 17948 --- [main] j.LocalContainerEntityManagerFactoryBean : Initialized JPA EntityManagerFactory for persistence unit 'default'
2023-06-19 12:27:25.491  WARN 17948 --- [main] JpaBaseConfiguration$JpaWebConfiguration : spring.jpa.open-in-view is enabled by default. Therefore, database queries may be performed during view rendering. Explicitly configure spring.jpa.open-in-view to disable this warning
2023-06-19 12:27:25.624  INFO 17948 --- [main] o.s.s.concurrent.ThreadPoolTaskExecutor  : Initializing ExecutorService 'applicationTaskExecutor'
2023-06-19 12:27:25.945  INFO 17948 --- [main] o.s.s.c.ThreadPoolTaskScheduler          : Initializing ExecutorService 'taskScheduler'
2023-06-19 12:27:26.387  INFO 17948 --- [main] o.s.b.w.embedded.tomcat.TomcatWebServer  : Tomcat started on port(s): 8333 (http) with context path ''
2023-06-19 12:27:26.393  INFO 17948 --- [main] .n.J.JiraCreationThruFunctionApplication : Started JiraCreationThruFunctionApplication in 6.306 seconds (JVM running for 6.842)
2023-06-19 12:27:29.282  INFO 17948 --- [http-nio-8333-exec-2] o.a.c.c.C.[Tomcat].[localhost].[/]       : Initializing Spring DispatcherServlet 'dispatcherServlet'
2023-06-19 12:27:29.283  INFO 17948 --- [http-nio-8333-exec-2] o.s.web.servlet.DispatcherServlet        : Initializing Servlet 'dispatcherServlet'
2023-06-19 12:27:29.290  INFO 17948 --- [http-nio-8333-exec-2] o.s.web.servlet.DispatcherServlet        : Completed initialization in 7 ms
2023-06-19 12:27:29.370  INFO 17948 --- [http-nio-8333-exec-2] c.j.n.J.controller.IncidentController    : Inside  incident controller for jira creation
2023-06-19 12:30:31.149  INFO 25244 --- [main] .n.J.JiraCreationThruFunctionApplication : Starting JiraCreationThruFunctionApplication on APAC-f13X7wbZ6v with PID 25244 (C:\Users\nsarav756\Documents\Tech\Java\JiraCreationThruFunction\target\classes started by nsarav756 in C:\Users\nsarav756\Documents\Tech\Java\JiraCreationThruFunction)
2023-06-19 12:30:31.157  INFO 25244 --- [main] .n.J.JiraCreationThruFunctionApplication : No active profile set, falling back to default profiles: default
2023-06-19 12:30:32.195  INFO 25244 --- [main] .s.d.r.c.RepositoryConfigurationDelegate : Bootstrapping Spring Data JPA repositories in DEFAULT mode.
2023-06-19 12:30:32.328  INFO 25244 --- [main] .s.d.r.c.RepositoryConfigurationDelegate : Finished Spring Data repository scanning in 111ms. Found 1 JPA repository interfaces.
2023-06-19 12:30:33.364  INFO 25244 --- [main] o.s.b.w.embedded.tomcat.TomcatWebServer  : Tomcat initialized with port(s): 8333 (http)
2023-06-19 12:30:33.377  INFO 25244 --- [main] o.apache.catalina.core.StandardService   : Starting service [Tomcat]
2023-06-19 12:30:33.377  INFO 25244 --- [main] org.apache.catalina.core.StandardEngine  : Starting Servlet engine: [Apache Tomcat/9.0.33]
2023-06-19 12:30:33.507  INFO 25244 --- [main] o.a.c.c.C.[Tomcat].[localhost].[/]       : Initializing Spring embedded WebApplicationContext
2023-06-19 12:30:33.508  INFO 25244 --- [main] o.s.web.context.ContextLoader            : Root WebApplicationContext: initialization completed in 2267 ms
2023-06-19 12:30:33.807  INFO 25244 --- [main] o.hibernate.jpa.internal.util.LogHelper  : HHH000204: Processing PersistenceUnitInfo [name: default]
2023-06-19 12:30:33.969  INFO 25244 --- [main] org.hibernate.Version                    : HHH000412: Hibernate ORM core version 5.4.12.Final
2023-06-19 12:30:34.168  INFO 25244 --- [main] o.hibernate.annotations.common.Version   : HCANN000001: Hibernate Commons Annotations {5.1.0.Final}
2023-06-19 12:30:34.359  INFO 25244 --- [main] com.zaxxer.hikari.HikariDataSource       : HikariPool-1 - Starting...
2023-06-19 12:30:34.585  INFO 25244 --- [main] com.zaxxer.hikari.HikariDataSource       : HikariPool-1 - Start completed.
2023-06-19 12:30:34.610  INFO 25244 --- [main] org.hibernate.dialect.Dialect            : HHH000400: Using dialect: org.hibernate.dialect.PostgreSQL10Dialect
2023-06-19 12:30:35.375  INFO 25244 --- [main] o.h.e.t.j.p.i.JtaPlatformInitiator       : HHH000490: Using JtaPlatform implementation: [org.hibernate.engine.transaction.jta.platform.internal.NoJtaPlatform]
2023-06-19 12:30:35.382  INFO 25244 --- [main] j.LocalContainerEntityManagerFactoryBean : Initialized JPA EntityManagerFactory for persistence unit 'default'
2023-06-19 12:30:36.134  WARN 25244 --- [main] JpaBaseConfiguration$JpaWebConfiguration : spring.jpa.open-in-view is enabled by default. Therefore, database queries may be performed during view rendering. Explicitly configure spring.jpa.open-in-view to disable this warning
2023-06-19 12:30:36.272  INFO 25244 --- [main] o.s.s.concurrent.ThreadPoolTaskExecutor  : Initializing ExecutorService 'applicationTaskExecutor'
2023-06-19 12:30:36.553  INFO 25244 --- [main] o.s.s.c.ThreadPoolTaskScheduler          : Initializing ExecutorService 'taskScheduler'
2023-06-19 12:30:36.784  INFO 25244 --- [main] o.s.b.w.embedded.tomcat.TomcatWebServer  : Tomcat started on port(s): 8333 (http) with context path ''
2023-06-19 12:30:36.786  INFO 25244 --- [main] .n.J.JiraCreationThruFunctionApplication : Started JiraCreationThruFunctionApplication in 6.393 seconds (JVM running for 7.04)
2023-06-19 12:30:40.654  INFO 25244 --- [http-nio-8333-exec-2] o.a.c.c.C.[Tomcat].[localhost].[/]       : Initializing Spring DispatcherServlet 'dispatcherServlet'
2023-06-19 12:30:40.654  INFO 25244 --- [http-nio-8333-exec-2] o.s.web.servlet.DispatcherServlet        : Initializing Servlet 'dispatcherServlet'
2023-06-19 12:30:40.659  INFO 25244 --- [http-nio-8333-exec-2] o.s.web.servlet.DispatcherServlet        : Completed initialization in 5 ms
2023-06-19 12:30:40.787  INFO 25244 --- [http-nio-8333-exec-2] c.j.n.J.controller.IncidentController    : Inside  incident controller for jira creation
2023-06-19 12:32:47.109  INFO 17228 --- [main] .n.J.JiraCreationThruFunctionApplication : Starting JiraCreationThruFunctionApplication on APAC-f13X7wbZ6v with PID 17228 (C:\Users\nsarav756\Documents\Tech\Java\JiraCreationThruFunction\target\classes started by nsarav756 in C:\Users\nsarav756\Documents\Tech\Java\JiraCreationThruFunction)
2023-06-19 12:32:47.119  INFO 17228 --- [main] .n.J.JiraCreationThruFunctionApplication : No active profile set, falling back to default profiles: default
2023-06-19 12:32:48.103  INFO 17228 --- [main] .s.d.r.c.RepositoryConfigurationDelegate : Bootstrapping Spring Data JPA repositories in DEFAULT mode.
2023-06-19 12:32:48.221  INFO 17228 --- [main] .s.d.r.c.RepositoryConfigurationDelegate : Finished Spring Data repository scanning in 110ms. Found 1 JPA repository interfaces.
2023-06-19 12:32:49.333  INFO 17228 --- [main] o.s.b.w.embedded.tomcat.TomcatWebServer  : Tomcat initialized with port(s): 8333 (http)
2023-06-19 12:32:49.344  INFO 17228 --- [main] o.apache.catalina.core.StandardService   : Starting service [Tomcat]
2023-06-19 12:32:49.344  INFO 17228 --- [main] org.apache.catalina.core.StandardEngine  : Starting Servlet engine: [Apache Tomcat/9.0.33]
2023-06-19 12:32:49.482  INFO 17228 --- [main] o.a.c.c.C.[Tomcat].[localhost].[/]       : Initializing Spring embedded WebApplicationContext
2023-06-19 12:32:49.483  INFO 17228 --- [main] o.s.web.context.ContextLoader            : Root WebApplicationContext: initialization completed in 2283 ms
2023-06-19 12:32:49.804  INFO 17228 --- [main] o.hibernate.jpa.internal.util.LogHelper  : HHH000204: Processing PersistenceUnitInfo [name: default]
2023-06-19 12:32:49.892  INFO 17228 --- [main] org.hibernate.Version                    : HHH000412: Hibernate ORM core version 5.4.12.Final
2023-06-19 12:32:50.042  INFO 17228 --- [main] o.hibernate.annotations.common.Version   : HCANN000001: Hibernate Commons Annotations {5.1.0.Final}
2023-06-19 12:32:50.209  INFO 17228 --- [main] com.zaxxer.hikari.HikariDataSource       : HikariPool-1 - Starting...
2023-06-19 12:32:50.387  INFO 17228 --- [main] com.zaxxer.hikari.HikariDataSource       : HikariPool-1 - Start completed.
2023-06-19 12:32:50.404  INFO 17228 --- [main] org.hibernate.dialect.Dialect            : HHH000400: Using dialect: org.hibernate.dialect.PostgreSQL10Dialect
2023-06-19 12:32:51.180  INFO 17228 --- [main] o.h.e.t.j.p.i.JtaPlatformInitiator       : HHH000490: Using JtaPlatform implementation: [org.hibernate.engine.transaction.jta.platform.internal.NoJtaPlatform]
2023-06-19 12:32:51.184  INFO 17228 --- [main] j.LocalContainerEntityManagerFactoryBean : Initialized JPA EntityManagerFactory for persistence unit 'default'
2023-06-19 12:32:51.721  WARN 17228 --- [main] JpaBaseConfiguration$JpaWebConfiguration : spring.jpa.open-in-view is enabled by default. Therefore, database queries may be performed during view rendering. Explicitly configure spring.jpa.open-in-view to disable this warning
2023-06-19 12:32:51.816  INFO 17228 --- [main] o.s.s.concurrent.ThreadPoolTaskExecutor  : Initializing ExecutorService 'applicationTaskExecutor'
2023-06-19 12:32:52.129  INFO 17228 --- [main] o.s.s.c.ThreadPoolTaskScheduler          : Initializing ExecutorService 'taskScheduler'
2023-06-19 12:32:52.471  INFO 17228 --- [main] o.s.b.w.embedded.tomcat.TomcatWebServer  : Tomcat started on port(s): 8333 (http) with context path ''
2023-06-19 12:32:52.474  INFO 17228 --- [main] .n.J.JiraCreationThruFunctionApplication : Started JiraCreationThruFunctionApplication in 6.118 seconds (JVM running for 6.662)
2023-06-19 12:32:57.918  INFO 17228 --- [http-nio-8333-exec-2] o.a.c.c.C.[Tomcat].[localhost].[/]       : Initializing Spring DispatcherServlet 'dispatcherServlet'
2023-06-19 12:32:57.919  INFO 17228 --- [http-nio-8333-exec-2] o.s.web.servlet.DispatcherServlet        : Initializing Servlet 'dispatcherServlet'
2023-06-19 12:32:57.932  INFO 17228 --- [http-nio-8333-exec-2] o.s.web.servlet.DispatcherServlet        : Completed initialization in 13 ms
2023-06-19 12:32:58.061  INFO 17228 --- [http-nio-8333-exec-2] c.j.n.J.controller.IncidentController    : Inside  incident controller for jira creation
2023-06-19 12:33:50.602  INFO 16140 --- [main] .n.J.JiraCreationThruFunctionApplication : Starting JiraCreationThruFunctionApplication on APAC-f13X7wbZ6v with PID 16140 (C:\Users\nsarav756\Documents\Tech\Java\JiraCreationThruFunction\target\classes started by nsarav756 in C:\Users\nsarav756\Documents\Tech\Java\JiraCreationThruFunction)
2023-06-19 12:33:50.608  INFO 16140 --- [main] .n.J.JiraCreationThruFunctionApplication : No active profile set, falling back to default profiles: default
2023-06-19 12:33:51.457  INFO 16140 --- [main] .s.d.r.c.RepositoryConfigurationDelegate : Bootstrapping Spring Data JPA repositories in DEFAULT mode.
2023-06-19 12:33:51.625  INFO 16140 --- [main] .s.d.r.c.RepositoryConfigurationDelegate : Finished Spring Data repository scanning in 153ms. Found 1 JPA repository interfaces.
2023-06-19 12:33:52.742  INFO 16140 --- [main] o.s.b.w.embedded.tomcat.TomcatWebServer  : Tomcat initialized with port(s): 8333 (http)
2023-06-19 12:33:52.762  INFO 16140 --- [main] o.apache.catalina.core.StandardService   : Starting service [Tomcat]
2023-06-19 12:33:52.762  INFO 16140 --- [main] org.apache.catalina.core.StandardEngine  : Starting Servlet engine: [Apache Tomcat/9.0.33]
2023-06-19 12:33:52.901  INFO 16140 --- [main] o.a.c.c.C.[Tomcat].[localhost].[/]       : Initializing Spring embedded WebApplicationContext
2023-06-19 12:33:52.901  INFO 16140 --- [main] o.s.web.context.ContextLoader            : Root WebApplicationContext: initialization completed in 2238 ms
2023-06-19 12:33:53.121  INFO 16140 --- [main] o.hibernate.jpa.internal.util.LogHelper  : HHH000204: Processing PersistenceUnitInfo [name: default]
2023-06-19 12:33:53.199  INFO 16140 --- [main] org.hibernate.Version                    : HHH000412: Hibernate ORM core version 5.4.12.Final
2023-06-19 12:33:53.328  INFO 16140 --- [main] o.hibernate.annotations.common.Version   : HCANN000001: Hibernate Commons Annotations {5.1.0.Final}
2023-06-19 12:33:53.452  INFO 16140 --- [main] com.zaxxer.hikari.HikariDataSource       : HikariPool-1 - Starting...
2023-06-19 12:33:53.729  INFO 16140 --- [main] com.zaxxer.hikari.HikariDataSource       : HikariPool-1 - Start completed.
2023-06-19 12:33:53.761  INFO 16140 --- [main] org.hibernate.dialect.Dialect            : HHH000400: Using dialect: org.hibernate.dialect.PostgreSQL10Dialect
2023-06-19 12:33:54.655  INFO 16140 --- [main] o.h.e.t.j.p.i.JtaPlatformInitiator       : HHH000490: Using JtaPlatform implementation: [org.hibernate.engine.transaction.jta.platform.internal.NoJtaPlatform]
2023-06-19 12:33:54.663  INFO 16140 --- [main] j.LocalContainerEntityManagerFactoryBean : Initialized JPA EntityManagerFactory for persistence unit 'default'
2023-06-19 12:33:55.399  WARN 16140 --- [main] JpaBaseConfiguration$JpaWebConfiguration : spring.jpa.open-in-view is enabled by default. Therefore, database queries may be performed during view rendering. Explicitly configure spring.jpa.open-in-view to disable this warning
2023-06-19 12:33:55.478  INFO 16140 --- [main] o.s.s.concurrent.ThreadPoolTaskExecutor  : Initializing ExecutorService 'applicationTaskExecutor'
2023-06-19 12:33:55.698  INFO 16140 --- [main] o.s.s.c.ThreadPoolTaskScheduler          : Initializing ExecutorService 'taskScheduler'
2023-06-19 12:33:55.959  INFO 16140 --- [main] o.s.b.w.embedded.tomcat.TomcatWebServer  : Tomcat started on port(s): 8333 (http) with context path ''
2023-06-19 12:33:55.968  INFO 16140 --- [main] .n.J.JiraCreationThruFunctionApplication : Started JiraCreationThruFunctionApplication in 6.256 seconds (JVM running for 6.912)
2023-06-19 12:33:58.409  INFO 16140 --- [http-nio-8333-exec-2] o.a.c.c.C.[Tomcat].[localhost].[/]       : Initializing Spring DispatcherServlet 'dispatcherServlet'
2023-06-19 12:33:58.409  INFO 16140 --- [http-nio-8333-exec-2] o.s.web.servlet.DispatcherServlet        : Initializing Servlet 'dispatcherServlet'
2023-06-19 12:33:58.418  INFO 16140 --- [http-nio-8333-exec-2] o.s.web.servlet.DispatcherServlet        : Completed initialization in 8 ms
2023-06-19 12:33:58.484  INFO 16140 --- [http-nio-8333-exec-2] c.j.n.J.controller.IncidentController    : Inside  incident controller for jira creation
2023-06-19 12:47:16.955  INFO 25148 --- [main] .n.J.JiraCreationThruFunctionApplication : Starting JiraCreationThruFunctionApplication on APAC-f13X7wbZ6v with PID 25148 (C:\Users\nsarav756\Documents\Tech\Java\JiraCreationThruFunction\target\classes started by nsarav756 in C:\Users\nsarav756\Documents\Tech\Java\JiraCreationThruFunction)
2023-06-19 12:47:16.958  INFO 25148 --- [main] .n.J.JiraCreationThruFunctionApplication : No active profile set, falling back to default profiles: default
2023-06-19 12:47:17.778  INFO 25148 --- [main] .s.d.r.c.RepositoryConfigurationDelegate : Bootstrapping Spring Data JPA repositories in DEFAULT mode.
2023-06-19 12:47:17.896  INFO 25148 --- [main] .s.d.r.c.RepositoryConfigurationDelegate : Finished Spring Data repository scanning in 106ms. Found 1 JPA repository interfaces.
2023-06-19 12:47:18.937  INFO 25148 --- [main] o.s.b.w.embedded.tomcat.TomcatWebServer  : Tomcat initialized with port(s): 8333 (http)
2023-06-19 12:47:18.945  INFO 25148 --- [main] o.apache.catalina.core.StandardService   : Starting service [Tomcat]
2023-06-19 12:47:18.945  INFO 25148 --- [main] org.apache.catalina.core.StandardEngine  : Starting Servlet engine: [Apache Tomcat/9.0.33]
2023-06-19 12:47:19.075  INFO 25148 --- [main] o.a.c.c.C.[Tomcat].[localhost].[/]       : Initializing Spring embedded WebApplicationContext
2023-06-19 12:47:19.075  INFO 25148 --- [main] o.s.web.context.ContextLoader            : Root WebApplicationContext: initialization completed in 2038 ms
2023-06-19 12:47:19.395  INFO 25148 --- [main] o.hibernate.jpa.internal.util.LogHelper  : HHH000204: Processing PersistenceUnitInfo [name: default]
2023-06-19 12:47:19.553  INFO 25148 --- [main] org.hibernate.Version                    : HHH000412: Hibernate ORM core version 5.4.12.Final
2023-06-19 12:47:19.682  INFO 25148 --- [main] o.hibernate.annotations.common.Version   : HCANN000001: Hibernate Commons Annotations {5.1.0.Final}
2023-06-19 12:47:19.839  INFO 25148 --- [main] com.zaxxer.hikari.HikariDataSource       : HikariPool-1 - Starting...
2023-06-19 12:47:20.034  INFO 25148 --- [main] com.zaxxer.hikari.HikariDataSource       : HikariPool-1 - Start completed.
2023-06-19 12:47:20.065  INFO 25148 --- [main] org.hibernate.dialect.Dialect            : HHH000400: Using dialect: org.hibernate.dialect.PostgreSQL10Dialect
2023-06-19 12:47:20.871  INFO 25148 --- [main] o.h.e.t.j.p.i.JtaPlatformInitiator       : HHH000490: Using JtaPlatform implementation: [org.hibernate.engine.transaction.jta.platform.internal.NoJtaPlatform]
2023-06-19 12:47:20.879  INFO 25148 --- [main] j.LocalContainerEntityManagerFactoryBean : Initialized JPA EntityManagerFactory for persistence unit 'default'
2023-06-19 12:47:21.450  WARN 25148 --- [main] JpaBaseConfiguration$JpaWebConfiguration : spring.jpa.open-in-view is enabled by default. Therefore, database queries may be performed during view rendering. Explicitly configure spring.jpa.open-in-view to disable this warning
2023-06-19 12:47:21.528  INFO 25148 --- [main] o.s.s.concurrent.ThreadPoolTaskExecutor  : Initializing ExecutorService 'applicationTaskExecutor'
2023-06-19 12:47:21.755  INFO 25148 --- [main] o.s.s.c.ThreadPoolTaskScheduler          : Initializing ExecutorService 'taskScheduler'
2023-06-19 12:47:21.984  INFO 25148 --- [main] o.s.b.w.embedded.tomcat.TomcatWebServer  : Tomcat started on port(s): 8333 (http) with context path ''
2023-06-19 12:47:21.988  INFO 25148 --- [main] .n.J.JiraCreationThruFunctionApplication : Started JiraCreationThruFunctionApplication in 5.823 seconds (JVM running for 6.427)
2023-06-19 15:39:54.773  WARN 14788 --- [main] ory$DuplicateJsonObjectContextCustomizer : 

Found multiple occurrences of org.json.JSONObject on the class path:

	jar:file:/C:/Users/nsarav756/.m2/repository/com/vaadin/external/google/android-json/0.0.20131108.vaadin1/android-json-0.0.20131108.vaadin1.jar!/org/json/JSONObject.class
	jar:file:/C:/Users/nsarav756/.m2/repository/org/json/json/20160212/json-20160212.jar!/org/json/JSONObject.class

You may wish to exclude one of them to ensure predictable runtime behavior

2023-06-19 15:39:54.813  INFO 14788 --- [main] JiraCreationThruFunctionApplicationTests : Starting JiraCreationThruFunctionApplicationTests on APAC-f13X7wbZ6v with PID 14788 (started by nsarav756 in C:\Users\nsarav756\Documents\Tech\Java\JiraCreationThruFunction)
2023-06-19 15:39:54.816  INFO 14788 --- [main] JiraCreationThruFunctionApplicationTests : No active profile set, falling back to default profiles: default
2023-06-19 15:39:56.085  INFO 14788 --- [main] .s.d.r.c.RepositoryConfigurationDelegate : Bootstrapping Spring Data JPA repositories in DEFAULT mode.
2023-06-19 15:39:56.498  INFO 14788 --- [main] .s.d.r.c.RepositoryConfigurationDelegate : Finished Spring Data repository scanning in 379ms. Found 1 JPA repository interfaces.
2023-06-19 15:39:57.773  INFO 14788 --- [main] o.hibernate.jpa.internal.util.LogHelper  : HHH000204: Processing PersistenceUnitInfo [name: default]
2023-06-19 15:39:58.057  INFO 14788 --- [main] org.hibernate.Version                    : HHH000412: Hibernate ORM core version 5.4.12.Final
2023-06-19 15:39:58.425  INFO 14788 --- [main] o.hibernate.annotations.common.Version   : HCANN000001: Hibernate Commons Annotations {5.1.0.Final}
2023-06-19 15:39:58.758  INFO 14788 --- [main] com.zaxxer.hikari.HikariDataSource       : HikariPool-1 - Starting...
2023-06-19 15:39:59.184  INFO 14788 --- [main] com.zaxxer.hikari.HikariDataSource       : HikariPool-1 - Start completed.
2023-06-19 15:39:59.261  INFO 14788 --- [main] org.hibernate.dialect.Dialect            : HHH000400: Using dialect: org.hibernate.dialect.PostgreSQL10Dialect
2023-06-19 15:40:00.500  INFO 14788 --- [main] o.h.e.t.j.p.i.JtaPlatformInitiator       : HHH000490: Using JtaPlatform implementation: [org.hibernate.engine.transaction.jta.platform.internal.NoJtaPlatform]
2023-06-19 15:40:00.522  INFO 14788 --- [main] j.LocalContainerEntityManagerFactoryBean : Initialized JPA EntityManagerFactory for persistence unit 'default'
2023-06-19 15:40:01.784  WARN 14788 --- [main] JpaBaseConfiguration$JpaWebConfiguration : spring.jpa.open-in-view is enabled by default. Therefore, database queries may be performed during view rendering. Explicitly configure spring.jpa.open-in-view to disable this warning
2023-06-19 15:40:02.178  INFO 14788 --- [main] o.s.s.concurrent.ThreadPoolTaskExecutor  : Initializing ExecutorService 'applicationTaskExecutor'
2023-06-19 15:40:02.963  INFO 14788 --- [main] o.s.s.c.ThreadPoolTaskScheduler          : Initializing ExecutorService 'taskScheduler'
2023-06-19 15:40:03.425  INFO 14788 --- [main] JiraCreationThruFunctionApplicationTests : Started JiraCreationThruFunctionApplicationTests in 9.3 seconds (JVM running for 10.889)
2023-06-19 15:40:03.751  INFO 14788 --- [SpringContextShutdownHook] o.s.s.c.ThreadPoolTaskScheduler          : Shutting down ExecutorService 'taskScheduler'
2023-06-19 15:40:03.754  INFO 14788 --- [SpringContextShutdownHook] o.s.s.concurrent.ThreadPoolTaskExecutor  : Shutting down ExecutorService 'applicationTaskExecutor'
2023-06-19 15:40:03.756  INFO 14788 --- [SpringContextShutdownHook] j.LocalContainerEntityManagerFactoryBean : Closing JPA EntityManagerFactory for persistence unit 'default'
2023-06-19 15:40:03.761  INFO 14788 --- [SpringContextShutdownHook] com.zaxxer.hikari.HikariDataSource       : HikariPool-1 - Shutdown initiated...
2023-06-19 15:40:03.770  INFO 14788 --- [SpringContextShutdownHook] com.zaxxer.hikari.HikariDataSource       : HikariPool-1 - Shutdown completed.
2023-06-19 15:43:41.223  INFO 7572 --- [main] .n.J.JiraCreationThruFunctionApplication : Starting JiraCreationThruFunctionApplication on APAC-f13X7wbZ6v with PID 7572 (C:\Users\nsarav756\Documents\Tech\Java\JiraCreationThruFunction\target\classes started by nsarav756 in C:\Users\nsarav756\Documents\Tech\Java\JiraCreationThruFunction)
2023-06-19 15:43:41.233  INFO 7572 --- [main] .n.J.JiraCreationThruFunctionApplication : No active profile set, falling back to default profiles: default
2023-06-19 15:43:42.662  INFO 7572 --- [main] .s.d.r.c.RepositoryConfigurationDelegate : Bootstrapping Spring Data JPA repositories in DEFAULT mode.
2023-06-19 15:43:42.801  INFO 7572 --- [main] .s.d.r.c.RepositoryConfigurationDelegate : Finished Spring Data repository scanning in 124ms. Found 1 JPA repository interfaces.
2023-06-19 15:43:44.578  INFO 7572 --- [main] o.s.b.w.embedded.tomcat.TomcatWebServer  : Tomcat initialized with port(s): 8333 (http)
2023-06-19 15:43:44.615  INFO 7572 --- [main] o.apache.catalina.core.StandardService   : Starting service [Tomcat]
2023-06-19 15:43:44.616  INFO 7572 --- [main] org.apache.catalina.core.StandardEngine  : Starting Servlet engine: [Apache Tomcat/9.0.33]
2023-06-19 15:43:44.853  INFO 7572 --- [main] o.a.c.c.C.[Tomcat].[localhost].[/]       : Initializing Spring embedded WebApplicationContext
2023-06-19 15:43:44.854  INFO 7572 --- [main] o.s.web.context.ContextLoader            : Root WebApplicationContext: initialization completed in 3505 ms
2023-06-19 15:43:45.302  INFO 7572 --- [main] o.hibernate.jpa.internal.util.LogHelper  : HHH000204: Processing PersistenceUnitInfo [name: default]
2023-06-19 15:43:45.454  INFO 7572 --- [main] org.hibernate.Version                    : HHH000412: Hibernate ORM core version 5.4.12.Final
2023-06-19 15:43:45.895  INFO 7572 --- [main] o.hibernate.annotations.common.Version   : HCANN000001: Hibernate Commons Annotations {5.1.0.Final}
2023-06-19 15:43:46.265  INFO 7572 --- [main] com.zaxxer.hikari.HikariDataSource       : HikariPool-1 - Starting...
2023-06-19 15:43:46.867  INFO 7572 --- [main] com.zaxxer.hikari.HikariDataSource       : HikariPool-1 - Start completed.
2023-06-19 15:43:46.927  INFO 7572 --- [main] org.hibernate.dialect.Dialect            : HHH000400: Using dialect: org.hibernate.dialect.PostgreSQL10Dialect
2023-06-19 15:43:48.350  INFO 7572 --- [main] o.h.e.t.j.p.i.JtaPlatformInitiator       : HHH000490: Using JtaPlatform implementation: [org.hibernate.engine.transaction.jta.platform.internal.NoJtaPlatform]
2023-06-19 15:43:48.360  INFO 7572 --- [main] j.LocalContainerEntityManagerFactoryBean : Initialized JPA EntityManagerFactory for persistence unit 'default'
2023-06-19 15:43:49.527  WARN 7572 --- [main] JpaBaseConfiguration$JpaWebConfiguration : spring.jpa.open-in-view is enabled by default. Therefore, database queries may be performed during view rendering. Explicitly configure spring.jpa.open-in-view to disable this warning
2023-06-19 15:43:49.736  INFO 7572 --- [main] o.s.s.concurrent.ThreadPoolTaskExecutor  : Initializing ExecutorService 'applicationTaskExecutor'
2023-06-19 15:43:50.475  INFO 7572 --- [main] o.s.s.c.ThreadPoolTaskScheduler          : Initializing ExecutorService 'taskScheduler'
2023-06-19 15:43:51.302  INFO 7572 --- [main] o.apache.catalina.core.StandardService   : Stopping service [Tomcat]
2023-06-19 15:43:51.328  INFO 7572 --- [main] ConditionEvaluationReportLoggingListener : 

Error starting ApplicationContext. To display the conditions report re-run your application with 'debug' enabled.
2023-06-19 15:43:51.336 ERROR 7572 --- [main] o.s.b.d.LoggingFailureAnalysisReporter   : 

***************************
APPLICATION FAILED TO START
***************************

Description:

Web server failed to start. Port 8333 was already in use.

Action:

Identify and stop the process that's listening on port 8333 or configure this application to listen on another port.

2023-06-19 15:43:51.375  INFO 7572 --- [main] o.s.s.c.ThreadPoolTaskScheduler          : Shutting down ExecutorService 'taskScheduler'
2023-06-19 15:43:51.375  INFO 7572 --- [main] o.s.s.concurrent.ThreadPoolTaskExecutor  : Shutting down ExecutorService 'applicationTaskExecutor'
2023-06-19 15:43:51.376  INFO 7572 --- [main] j.LocalContainerEntityManagerFactoryBean : Closing JPA EntityManagerFactory for persistence unit 'default'
2023-06-19 15:43:51.378  INFO 7572 --- [main] com.zaxxer.hikari.HikariDataSource       : HikariPool-1 - Shutdown initiated...
2023-06-19 15:43:51.390  INFO 7572 --- [main] com.zaxxer.hikari.HikariDataSource       : HikariPool-1 - Shutdown completed.
2023-06-19 15:44:07.859  INFO 10084 --- [main] .n.J.JiraCreationThruFunctionApplication : Starting JiraCreationThruFunctionApplication on APAC-f13X7wbZ6v with PID 10084 (C:\Users\nsarav756\Documents\Tech\Java\JiraCreationThruFunction\target\classes started by nsarav756 in C:\Users\nsarav756\Documents\Tech\Java\JiraCreationThruFunction)
2023-06-19 15:44:07.870  INFO 10084 --- [main] .n.J.JiraCreationThruFunctionApplication : No active profile set, falling back to default profiles: default
2023-06-19 15:44:08.884  INFO 10084 --- [main] .s.d.r.c.RepositoryConfigurationDelegate : Bootstrapping Spring Data JPA repositories in DEFAULT mode.
2023-06-19 15:44:09.049  INFO 10084 --- [main] .s.d.r.c.RepositoryConfigurationDelegate : Finished Spring Data repository scanning in 146ms. Found 1 JPA repository interfaces.
2023-06-19 15:44:10.243  INFO 10084 --- [main] o.s.b.w.embedded.tomcat.TomcatWebServer  : Tomcat initialized with port(s): 8333 (http)
2023-06-19 15:44:10.267  INFO 10084 --- [main] o.apache.catalina.core.StandardService   : Starting service [Tomcat]
2023-06-19 15:44:10.269  INFO 10084 --- [main] org.apache.catalina.core.StandardEngine  : Starting Servlet engine: [Apache Tomcat/9.0.33]
2023-06-19 15:44:10.479  INFO 10084 --- [main] o.a.c.c.C.[Tomcat].[localhost].[/]       : Initializing Spring embedded WebApplicationContext
2023-06-19 15:44:10.480  INFO 10084 --- [main] o.s.web.context.ContextLoader            : Root WebApplicationContext: initialization completed in 2510 ms
2023-06-19 15:44:10.840  INFO 10084 --- [main] o.hibernate.jpa.internal.util.LogHelper  : HHH000204: Processing PersistenceUnitInfo [name: default]
2023-06-19 15:44:10.955  INFO 10084 --- [main] org.hibernate.Version                    : HHH000412: Hibernate ORM core version 5.4.12.Final
2023-06-19 15:44:11.131  INFO 10084 --- [main] o.hibernate.annotations.common.Version   : HCANN000001: Hibernate Commons Annotations {5.1.0.Final}
2023-06-19 15:44:11.342  INFO 10084 --- [main] com.zaxxer.hikari.HikariDataSource       : HikariPool-1 - Starting...
2023-06-19 15:44:11.611  INFO 10084 --- [main] com.zaxxer.hikari.HikariDataSource       : HikariPool-1 - Start completed.
2023-06-19 15:44:11.628  INFO 10084 --- [main] org.hibernate.dialect.Dialect            : HHH000400: Using dialect: org.hibernate.dialect.PostgreSQL10Dialect
2023-06-19 15:44:12.644  INFO 10084 --- [main] o.h.e.t.j.p.i.JtaPlatformInitiator       : HHH000490: Using JtaPlatform implementation: [org.hibernate.engine.transaction.jta.platform.internal.NoJtaPlatform]
2023-06-19 15:44:12.649  INFO 10084 --- [main] j.LocalContainerEntityManagerFactoryBean : Initialized JPA EntityManagerFactory for persistence unit 'default'
2023-06-19 15:44:13.521  WARN 10084 --- [main] JpaBaseConfiguration$JpaWebConfiguration : spring.jpa.open-in-view is enabled by default. Therefore, database queries may be performed during view rendering. Explicitly configure spring.jpa.open-in-view to disable this warning
2023-06-19 15:44:13.658  INFO 10084 --- [main] o.s.s.concurrent.ThreadPoolTaskExecutor  : Initializing ExecutorService 'applicationTaskExecutor'
2023-06-19 15:44:14.061  INFO 10084 --- [main] o.s.s.c.ThreadPoolTaskScheduler          : Initializing ExecutorService 'taskScheduler'
2023-06-19 15:44:14.364  INFO 10084 --- [main] o.s.b.w.embedded.tomcat.TomcatWebServer  : Tomcat started on port(s): 8333 (http) with context path ''
2023-06-19 15:44:14.369  INFO 10084 --- [main] .n.J.JiraCreationThruFunctionApplication : Started JiraCreationThruFunctionApplication in 7.436 seconds (JVM running for 8.083)
2023-06-19 15:44:18.652  INFO 10084 --- [http-nio-8333-exec-1] o.a.c.c.C.[Tomcat].[localhost].[/]       : Initializing Spring DispatcherServlet 'dispatcherServlet'
2023-06-19 15:44:18.653  INFO 10084 --- [http-nio-8333-exec-1] o.s.web.servlet.DispatcherServlet        : Initializing Servlet 'dispatcherServlet'
2023-06-19 15:44:18.668  INFO 10084 --- [http-nio-8333-exec-1] o.s.web.servlet.DispatcherServlet        : Completed initialization in 14 ms
2023-06-19 15:44:18.708  INFO 10084 --- [http-nio-8333-exec-1] c.j.n.J.controller.IncidentController    : Hit the get all incident api and calling inc service
2023-06-19 15:44:18.872  INFO 10084 --- [http-nio-8333-exec-1] c.j.n.J.controller.IncidentController    : Incident detils found in the db
2023-06-19 15:54:58.103  INFO 13176 --- [main] .n.J.JiraCreationThruFunctionApplication : Starting JiraCreationThruFunctionApplication on APAC-f13X7wbZ6v with PID 13176 (C:\Users\nsarav756\Documents\Tech\Java\JiraCreationThruFunction\target\classes started by nsarav756 in C:\Users\nsarav756\Documents\Tech\Java\JiraCreationThruFunction)
2023-06-19 15:54:58.107  INFO 13176 --- [main] .n.J.JiraCreationThruFunctionApplication : No active profile set, falling back to default profiles: default
2023-06-19 15:54:59.125  INFO 13176 --- [main] .s.d.r.c.RepositoryConfigurationDelegate : Bootstrapping Spring Data JPA repositories in DEFAULT mode.
2023-06-19 15:54:59.264  INFO 13176 --- [main] .s.d.r.c.RepositoryConfigurationDelegate : Finished Spring Data repository scanning in 116ms. Found 1 JPA repository interfaces.
2023-06-19 15:55:00.446  INFO 13176 --- [main] o.s.b.w.embedded.tomcat.TomcatWebServer  : Tomcat initialized with port(s): 8333 (http)
2023-06-19 15:55:00.465  INFO 13176 --- [main] o.apache.catalina.core.StandardService   : Starting service [Tomcat]
2023-06-19 15:55:00.466  INFO 13176 --- [main] org.apache.catalina.core.StandardEngine  : Starting Servlet engine: [Apache Tomcat/9.0.33]
2023-06-19 15:55:00.634  INFO 13176 --- [main] o.a.c.c.C.[Tomcat].[localhost].[/]       : Initializing Spring embedded WebApplicationContext
2023-06-19 15:55:00.635  INFO 13176 --- [main] o.s.web.context.ContextLoader            : Root WebApplicationContext: initialization completed in 2421 ms
2023-06-19 15:55:00.976  INFO 13176 --- [main] o.hibernate.jpa.internal.util.LogHelper  : HHH000204: Processing PersistenceUnitInfo [name: default]
2023-06-19 15:55:01.105  INFO 13176 --- [main] org.hibernate.Version                    : HHH000412: Hibernate ORM core version 5.4.12.Final
2023-06-19 15:55:01.308  INFO 13176 --- [main] o.hibernate.annotations.common.Version   : HCANN000001: Hibernate Commons Annotations {5.1.0.Final}
2023-06-19 15:55:01.490  INFO 13176 --- [main] com.zaxxer.hikari.HikariDataSource       : HikariPool-1 - Starting...
2023-06-19 15:55:01.732  INFO 13176 --- [main] com.zaxxer.hikari.HikariDataSource       : HikariPool-1 - Start completed.
2023-06-19 15:55:01.767  INFO 13176 --- [main] org.hibernate.dialect.Dialect            : HHH000400: Using dialect: org.hibernate.dialect.PostgreSQL10Dialect
2023-06-19 15:55:02.577  INFO 13176 --- [main] o.h.e.t.j.p.i.JtaPlatformInitiator       : HHH000490: Using JtaPlatform implementation: [org.hibernate.engine.transaction.jta.platform.internal.NoJtaPlatform]
2023-06-19 15:55:02.586  INFO 13176 --- [main] j.LocalContainerEntityManagerFactoryBean : Initialized JPA EntityManagerFactory for persistence unit 'default'
2023-06-19 15:55:03.376  WARN 13176 --- [main] JpaBaseConfiguration$JpaWebConfiguration : spring.jpa.open-in-view is enabled by default. Therefore, database queries may be performed during view rendering. Explicitly configure spring.jpa.open-in-view to disable this warning
2023-06-19 15:55:03.497  INFO 13176 --- [main] o.s.s.concurrent.ThreadPoolTaskExecutor  : Initializing ExecutorService 'applicationTaskExecutor'
2023-06-19 15:55:03.860  INFO 13176 --- [main] o.s.s.c.ThreadPoolTaskScheduler          : Initializing ExecutorService 'taskScheduler'
2023-06-19 15:55:04.283  INFO 13176 --- [main] o.s.b.w.embedded.tomcat.TomcatWebServer  : Tomcat started on port(s): 8333 (http) with context path ''
2023-06-19 15:55:04.285  INFO 13176 --- [main] .n.J.JiraCreationThruFunctionApplication : Started JiraCreationThruFunctionApplication in 7.024 seconds (JVM running for 7.684)
2023-06-19 15:55:08.391  INFO 13176 --- [http-nio-8333-exec-2] o.a.c.c.C.[Tomcat].[localhost].[/]       : Initializing Spring DispatcherServlet 'dispatcherServlet'
2023-06-19 15:55:08.392  INFO 13176 --- [http-nio-8333-exec-2] o.s.web.servlet.DispatcherServlet        : Initializing Servlet 'dispatcherServlet'
2023-06-19 15:55:08.400  INFO 13176 --- [http-nio-8333-exec-2] o.s.web.servlet.DispatcherServlet        : Completed initialization in 8 ms
2023-06-19 15:57:06.876  INFO 20644 --- [main] .n.J.JiraCreationThruFunctionApplication : Starting JiraCreationThruFunctionApplication on APAC-f13X7wbZ6v with PID 20644 (C:\Users\nsarav756\Documents\Tech\Java\JiraCreationThruFunction\target\classes started by nsarav756 in C:\Users\nsarav756\Documents\Tech\Java\JiraCreationThruFunction)
2023-06-19 15:57:06.881  INFO 20644 --- [main] .n.J.JiraCreationThruFunctionApplication : No active profile set, falling back to default profiles: default
2023-06-19 15:57:07.777  INFO 20644 --- [main] .s.d.r.c.RepositoryConfigurationDelegate : Bootstrapping Spring Data JPA repositories in DEFAULT mode.
2023-06-19 15:57:07.893  INFO 20644 --- [main] .s.d.r.c.RepositoryConfigurationDelegate : Finished Spring Data repository scanning in 104ms. Found 1 JPA repository interfaces.
2023-06-19 15:57:09.091  INFO 20644 --- [main] o.s.b.w.embedded.tomcat.TomcatWebServer  : Tomcat initialized with port(s): 8333 (http)
2023-06-19 15:57:09.104  INFO 20644 --- [main] o.apache.catalina.core.StandardService   : Starting service [Tomcat]
2023-06-19 15:57:09.105  INFO 20644 --- [main] org.apache.catalina.core.StandardEngine  : Starting Servlet engine: [Apache Tomcat/9.0.33]
2023-06-19 15:57:09.318  INFO 20644 --- [main] o.a.c.c.C.[Tomcat].[localhost].[/]       : Initializing Spring embedded WebApplicationContext
2023-06-19 15:57:09.319  INFO 20644 --- [main] o.s.web.context.ContextLoader            : Root WebApplicationContext: initialization completed in 2361 ms
2023-06-19 15:57:09.689  INFO 20644 --- [main] o.hibernate.jpa.internal.util.LogHelper  : HHH000204: Processing PersistenceUnitInfo [name: default]
2023-06-19 15:57:09.822  INFO 20644 --- [main] org.hibernate.Version                    : HHH000412: Hibernate ORM core version 5.4.12.Final
2023-06-19 15:57:09.950  INFO 20644 --- [main] o.hibernate.annotations.common.Version   : HCANN000001: Hibernate Commons Annotations {5.1.0.Final}
2023-06-19 15:57:10.137  INFO 20644 --- [main] com.zaxxer.hikari.HikariDataSource       : HikariPool-1 - Starting...
2023-06-19 15:57:10.405  INFO 20644 --- [main] com.zaxxer.hikari.HikariDataSource       : HikariPool-1 - Start completed.
2023-06-19 15:57:10.431  INFO 20644 --- [main] org.hibernate.dialect.Dialect            : HHH000400: Using dialect: org.hibernate.dialect.PostgreSQL10Dialect
2023-06-19 15:57:11.293  INFO 20644 --- [main] o.h.e.t.j.p.i.JtaPlatformInitiator       : HHH000490: Using JtaPlatform implementation: [org.hibernate.engine.transaction.jta.platform.internal.NoJtaPlatform]
2023-06-19 15:57:11.298  INFO 20644 --- [main] j.LocalContainerEntityManagerFactoryBean : Initialized JPA EntityManagerFactory for persistence unit 'default'
2023-06-19 15:57:12.059  WARN 20644 --- [main] JpaBaseConfiguration$JpaWebConfiguration : spring.jpa.open-in-view is enabled by default. Therefore, database queries may be performed during view rendering. Explicitly configure spring.jpa.open-in-view to disable this warning
2023-06-19 15:57:12.215  INFO 20644 --- [main] o.s.s.concurrent.ThreadPoolTaskExecutor  : Initializing ExecutorService 'applicationTaskExecutor'
2023-06-19 15:57:12.614  INFO 20644 --- [main] o.s.s.c.ThreadPoolTaskScheduler          : Initializing ExecutorService 'taskScheduler'
2023-06-19 15:57:13.102  INFO 20644 --- [main] o.s.b.w.embedded.tomcat.TomcatWebServer  : Tomcat started on port(s): 8333 (http) with context path ''
2023-06-19 15:57:13.110  INFO 20644 --- [main] .n.J.JiraCreationThruFunctionApplication : Started JiraCreationThruFunctionApplication in 6.916 seconds (JVM running for 7.471)
2023-06-19 15:57:18.298  INFO 20644 --- [http-nio-8333-exec-1] o.a.c.c.C.[Tomcat].[localhost].[/]       : Initializing Spring DispatcherServlet 'dispatcherServlet'
2023-06-19 15:57:18.298  INFO 20644 --- [http-nio-8333-exec-1] o.s.web.servlet.DispatcherServlet        : Initializing Servlet 'dispatcherServlet'
2023-06-19 15:57:18.307  INFO 20644 --- [http-nio-8333-exec-1] o.s.web.servlet.DispatcherServlet        : Completed initialization in 9 ms
2023-06-19 16:10:39.993  INFO 20644 --- [http-nio-8333-exec-5] c.j.n.J.controller.IncidentController    : Hit the add incident api and calling inc service
2023-06-19 16:10:40.033  INFO 20644 --- [http-nio-8333-exec-5] c.j.n.J.service.IncidentService          : The data saved successfully for the incidentNumber:INC123456799
2023-06-19 16:10:55.859  INFO 20644 --- [http-nio-8333-exec-8] c.j.n.J.controller.IncidentController    : Hit the get all incident api and calling inc service
2023-06-19 16:10:55.875  INFO 20644 --- [http-nio-8333-exec-8] c.j.n.J.controller.IncidentController    : Incident detils found in the db
2023-06-19 16:48:06.181  WARN 20644 --- [HikariPool-1 housekeeper] com.zaxxer.hikari.pool.HikariPool        : HikariPool-1 - Thread starvation or clock leap detected (housekeeper delta=21m55s182ms500s500ns).
2023-06-19 17:14:52.075  WARN 20644 --- [HikariPool-1 housekeeper] com.zaxxer.hikari.pool.HikariPool        : HikariPool-1 - Thread starvation or clock leap detected (housekeeper delta=26m45s893ms321s800ns).
2023-06-19 17:45:48.460  INFO 19184 --- [main] .n.J.JiraCreationThruFunctionApplication : Starting JiraCreationThruFunctionApplication on APAC-f13X7wbZ6v with PID 19184 (C:\Users\nsarav756\Documents\Tech\Java\JiraCreationThruFunction\target\classes started by nsarav756 in C:\Users\nsarav756\Documents\Tech\Java\JiraCreationThruFunction)
2023-06-19 17:45:48.468  INFO 19184 --- [main] .n.J.JiraCreationThruFunctionApplication : No active profile set, falling back to default profiles: default
2023-06-19 17:45:49.217  INFO 19184 --- [main] .s.d.r.c.RepositoryConfigurationDelegate : Bootstrapping Spring Data JPA repositories in DEFAULT mode.
2023-06-19 17:45:49.355  INFO 19184 --- [main] .s.d.r.c.RepositoryConfigurationDelegate : Finished Spring Data repository scanning in 122ms. Found 1 JPA repository interfaces.
2023-06-19 17:45:50.173  INFO 19184 --- [main] o.s.b.w.embedded.tomcat.TomcatWebServer  : Tomcat initialized with port(s): 8333 (http)
2023-06-19 17:45:50.181  INFO 19184 --- [main] o.apache.catalina.core.StandardService   : Starting service [Tomcat]
2023-06-19 17:45:50.182  INFO 19184 --- [main] org.apache.catalina.core.StandardEngine  : Starting Servlet engine: [Apache Tomcat/9.0.33]
2023-06-19 17:45:50.309  INFO 19184 --- [main] o.a.c.c.C.[Tomcat].[localhost].[/]       : Initializing Spring embedded WebApplicationContext
2023-06-19 17:45:50.309  INFO 19184 --- [main] o.s.web.context.ContextLoader            : Root WebApplicationContext: initialization completed in 1790 ms
2023-06-19 17:45:50.528  INFO 19184 --- [main] o.hibernate.jpa.internal.util.LogHelper  : HHH000204: Processing PersistenceUnitInfo [name: default]
2023-06-19 17:45:50.630  INFO 19184 --- [main] org.hibernate.Version                    : HHH000412: Hibernate ORM core version 5.4.12.Final
2023-06-19 17:45:50.766  INFO 19184 --- [main] o.hibernate.annotations.common.Version   : HCANN000001: Hibernate Commons Annotations {5.1.0.Final}
2023-06-19 17:45:50.929  INFO 19184 --- [main] com.zaxxer.hikari.HikariDataSource       : HikariPool-1 - Starting...
2023-06-19 17:45:51.161  INFO 19184 --- [main] com.zaxxer.hikari.HikariDataSource       : HikariPool-1 - Start completed.
2023-06-19 17:45:51.184  INFO 19184 --- [main] org.hibernate.dialect.Dialect            : HHH000400: Using dialect: org.hibernate.dialect.PostgreSQL10Dialect
2023-06-19 17:45:51.850  INFO 19184 --- [main] o.h.e.t.j.p.i.JtaPlatformInitiator       : HHH000490: Using JtaPlatform implementation: [org.hibernate.engine.transaction.jta.platform.internal.NoJtaPlatform]
2023-06-19 17:45:51.855  INFO 19184 --- [main] j.LocalContainerEntityManagerFactoryBean : Initialized JPA EntityManagerFactory for persistence unit 'default'
2023-06-19 17:45:52.327  WARN 19184 --- [main] JpaBaseConfiguration$JpaWebConfiguration : spring.jpa.open-in-view is enabled by default. Therefore, database queries may be performed during view rendering. Explicitly configure spring.jpa.open-in-view to disable this warning
2023-06-19 17:45:52.411  INFO 19184 --- [main] o.s.s.concurrent.ThreadPoolTaskExecutor  : Initializing ExecutorService 'applicationTaskExecutor'
2023-06-19 17:45:52.681  INFO 19184 --- [main] o.s.s.c.ThreadPoolTaskScheduler          : Initializing ExecutorService 'taskScheduler'
2023-06-19 17:45:52.929  INFO 19184 --- [main] o.s.b.w.embedded.tomcat.TomcatWebServer  : Tomcat started on port(s): 8333 (http) with context path ''
2023-06-19 17:45:52.933  INFO 19184 --- [main] .n.J.JiraCreationThruFunctionApplication : Started JiraCreationThruFunctionApplication in 5.038 seconds (JVM running for 5.569)
2023-06-19 17:46:01.504  INFO 20260 --- [main] .n.J.JiraCreationThruFunctionApplication : Starting JiraCreationThruFunctionApplication on APAC-f13X7wbZ6v with PID 20260 (C:\Users\nsarav756\Documents\Tech\Java\JiraCreationThruFunction\target\classes started by nsarav756 in C:\Users\nsarav756\Documents\Tech\Java\JiraCreationThruFunction)
2023-06-19 17:46:01.508  INFO 20260 --- [main] .n.J.JiraCreationThruFunctionApplication : No active profile set, falling back to default profiles: default
2023-06-19 17:46:02.207  INFO 20260 --- [main] .s.d.r.c.RepositoryConfigurationDelegate : Bootstrapping Spring Data JPA repositories in DEFAULT mode.
2023-06-19 17:46:02.340  INFO 20260 --- [main] .s.d.r.c.RepositoryConfigurationDelegate : Finished Spring Data repository scanning in 116ms. Found 1 JPA repository interfaces.
2023-06-19 17:46:03.186  INFO 20260 --- [main] o.s.b.w.embedded.tomcat.TomcatWebServer  : Tomcat initialized with port(s): 8333 (http)
2023-06-19 17:46:03.199  INFO 20260 --- [main] o.apache.catalina.core.StandardService   : Starting service [Tomcat]
2023-06-19 17:46:03.199  INFO 20260 --- [main] org.apache.catalina.core.StandardEngine  : Starting Servlet engine: [Apache Tomcat/9.0.33]
2023-06-19 17:46:03.321  INFO 20260 --- [main] o.a.c.c.C.[Tomcat].[localhost].[/]       : Initializing Spring embedded WebApplicationContext
2023-06-19 17:46:03.321  INFO 20260 --- [main] o.s.web.context.ContextLoader            : Root WebApplicationContext: initialization completed in 1755 ms
2023-06-19 17:46:03.544  INFO 20260 --- [main] o.hibernate.jpa.internal.util.LogHelper  : HHH000204: Processing PersistenceUnitInfo [name: default]
2023-06-19 17:46:03.645  INFO 20260 --- [main] org.hibernate.Version                    : HHH000412: Hibernate ORM core version 5.4.12.Final
2023-06-19 17:46:03.780  INFO 20260 --- [main] o.hibernate.annotations.common.Version   : HCANN000001: Hibernate Commons Annotations {5.1.0.Final}
2023-06-19 17:46:03.946  INFO 20260 --- [main] com.zaxxer.hikari.HikariDataSource       : HikariPool-1 - Starting...
2023-06-19 17:46:04.138  INFO 20260 --- [main] com.zaxxer.hikari.HikariDataSource       : HikariPool-1 - Start completed.
2023-06-19 17:46:04.166  INFO 20260 --- [main] org.hibernate.dialect.Dialect            : HHH000400: Using dialect: org.hibernate.dialect.PostgreSQL10Dialect
2023-06-19 17:46:04.835  INFO 20260 --- [main] o.h.e.t.j.p.i.JtaPlatformInitiator       : HHH000490: Using JtaPlatform implementation: [org.hibernate.engine.transaction.jta.platform.internal.NoJtaPlatform]
2023-06-19 17:46:04.846  INFO 20260 --- [main] j.LocalContainerEntityManagerFactoryBean : Initialized JPA EntityManagerFactory for persistence unit 'default'
2023-06-19 17:46:05.316  WARN 20260 --- [main] JpaBaseConfiguration$JpaWebConfiguration : spring.jpa.open-in-view is enabled by default. Therefore, database queries may be performed during view rendering. Explicitly configure spring.jpa.open-in-view to disable this warning
2023-06-19 17:46:05.409  INFO 20260 --- [main] o.s.s.concurrent.ThreadPoolTaskExecutor  : Initializing ExecutorService 'applicationTaskExecutor'
2023-06-19 17:46:05.658  INFO 20260 --- [main] o.s.s.c.ThreadPoolTaskScheduler          : Initializing ExecutorService 'taskScheduler'
2023-06-19 17:46:05.911  INFO 20260 --- [main] o.s.b.w.embedded.tomcat.TomcatWebServer  : Tomcat started on port(s): 8333 (http) with context path ''
2023-06-19 17:46:05.913  INFO 20260 --- [main] .n.J.JiraCreationThruFunctionApplication : Started JiraCreationThruFunctionApplication in 5.381 seconds (JVM running for 6.389)
2023-06-19 17:51:07.393  INFO 20260 --- [http-nio-8333-exec-1] o.a.c.c.C.[Tomcat].[localhost].[/]       : Initializing Spring DispatcherServlet 'dispatcherServlet'
2023-06-19 17:51:07.393  INFO 20260 --- [http-nio-8333-exec-1] o.s.web.servlet.DispatcherServlet        : Initializing Servlet 'dispatcherServlet'
2023-06-19 17:51:07.402  INFO 20260 --- [http-nio-8333-exec-1] o.s.web.servlet.DispatcherServlet        : Completed initialization in 9 ms
2023-06-19 17:51:07.500  INFO 20260 --- [http-nio-8333-exec-1] c.j.n.J.controller.IncidentController    : Hit the add incident api and calling inc service
2023-06-19 17:51:07.573  INFO 20260 --- [http-nio-8333-exec-1] c.j.n.J.service.IncidentService          : The data saved successfully for the incidentNumber:INC123456799
2023-06-19 19:22:22.656  WARN 20260 --- [HikariPool-1 housekeeper] com.zaxxer.hikari.pool.HikariPool        : HikariPool-1 - Thread starvation or clock leap detected (housekeeper delta=5m17s31ms103s500ns).
